<?xml version="1.0" encoding="UTF-8" ?>
<testsuite tests="74" failures="0" name="TestSuite" time="0.094" errors="0" skipped="0">
  <properties>
[...]
</properties>
  <testcase classname="com.OX.app.LanguageTest" name="testLanguageChange" time="0.008"/>
  <testcase classname="com.OX.app.LanguageTest" name="testLanguageChangeTwice" time="0"/>
  <testcase classname="com.OX.app.GameCompetitorsTest" name="testConstructorWithList" time="0.001"/>
  <testcase classname="com.OX.app.GameCompetitorsTest" name="testDefaultConstructor" time="0"/>
  <testcase classname="com.OX.app.GameCompetitorsTest" name="testNoSuchAPlayerException" time="0"/>
  <testcase classname="com.OX.app.GameCompetitorsTest" name="testTooManyPlayersException" time="0"/>
  <testcase classname="com.OX.app.GameTest" name="endToEndTestTie" time="0.032"/>
  <testcase classname="com.OX.app.GameTest" name="endToEndTestWinDiagonal" time="0.009"/>
  <testcase classname="com.OX.app.GameTest" name="endToEndTestWinHorizontal" time="0.01"/>
  <testcase classname="com.OX.app.GameTest" name="endToEndTestWinReverseDiagonal" time="0.009"/>
  <testcase classname="com.OX.app.WinningTest" name="testIfWinningCheckerIsNotWorkingHorizontalInBestScenario" time="0"/>
  <testcase classname="com.OX.app.WinningTest" name="testIfWinningCheckerIsNotWorkingHorizontalInBestScenario" time="0"/>
  <testcase classname="com.OX.app.WinningTest" name="testIfWinningCheckerIsWorkingHorizontalInBestScenario" time="0"/>
  <testcase classname="com.OX.app.WinningTest" name="testIfWinningCheckerIsWorkingHorizontalInBestScenario" time="0"/>
  <testcase classname="com.OX.app.WinningTest" name="testIfWinningCheckerIsWorkingHorizontalInBestScenario" time="0"/>
  <testcase classname="com.OX.app.WinningTest" name="testIfWinningCheckerIsWorkingHorizontalInBestScenario" time="0"/>
  <testcase classname="com.OX.app.WinningTest" name="testIfWinningCheckerIsWorkingHorizontalInBestScenario" time="0"/>
  <testcase classname="com.OX.app.WinningTest" name="testIfWinningCheckerIsWorkingHorizontalInBestScenario" time="0.001"/>
  <testcase classname="com.OX.app.WinningTest" name="testIfWinningCheckerIsWorkingHorizontalInBothWays" time="0"/>
  <testcase classname="com.OX.app.WinningTest" name="testIfWinningCheckerIsWorkingHorizontalInBothWays" time="0"/>
  <testcase classname="com.OX.app.WinningTest" name="testIfWinningCheckerIsWorkingHorizontalInBothWays" time="0"/>
  <testcase classname="com.OX.app.WinningTest" name="testIfWinningCheckerIsWorkingHorizontalInBothWays" time="0"/>
  <testcase classname="com.OX.app.WinningTest" name="testIfWinningCheckerIsWorkingHorizontalInBothWays" time="0"/>
  <testcase classname="com.OX.app.WinningTest" name="testIfWinningCheckerIsWorkingHorizontalInBothWays" time="0"/>
  <testcase classname="com.OX.app.WinningTest" name="testIfWinningCheckerIsWorkingVerticalInBothWays" time="0"/>
  <testcase classname="com.OX.app.WinningTest" name="testIfWinningCheckerIsWorkingVerticalInBothWays" time="0"/>
  <testcase classname="com.OX.app.WinningTest" name="testIfWinningCheckerIsWorkingVerticalInBothWays" time="0"/>
  <testcase classname="com.OX.app.WinningTest" name="testIfWinningCheckerIsWorkingVerticalInBothWays" time="0"/>
  <testcase classname="com.OX.app.WinningTest" name="testIfWinningCheckerIsWorkingVerticalInBothWays" time="0"/>
  <testcase classname="com.OX.app.WinningTest" name="testWinningDiagonalScenario" time="0"/>
  <testcase classname="com.OX.app.WinningTest" name="testWinningDiagonalScenario" time="0"/>
  <testcase classname="com.OX.app.WinningTest" name="testWinningDiagonalScenario" time="0"/>
  <testcase classname="com.OX.app.WinningTest" name="testWinningDiagonalScenario" time="0"/>
  <testcase classname="com.OX.app.WinningTest" name="testWinningReverseDiagonalScenario" time="0"/>
  <testcase classname="com.OX.app.PlayerTest" name="createPlayerTest" time="0"/>
  <testcase classname="com.OX.app.PlayerTest" name="testCheckingTheCorrectnessOfPlayerSignsX" time="0"/>
  <testcase classname="com.OX.app.GameRulesTest" name="testCreationGameRulesTest" time="0"/>
  <testcase classname="com.OX.app.GameRulesTest" name="testNormalInLineToWinCondition" time="0"/>
  <testcase classname="com.OX.app.GameRulesTest" name="testToSmallSizeOfABoardException" time="0.001"/>
  <testcase classname="com.OX.app.GameRulesTest" name="testToSmallWinnindContionsException" time="0"/>
  <testcase classname="com.OX.app.GameRulesTest" name="testWinningInLineBiggerThanSizeOfABoard" time="0"/>
  <testcase classname="com.OX.app.SignTest" name="testSignEquality" time="0"/>
  <testcase classname="com.OX.app.SignTest" name="testSignNoEquality" time="0"/>
  <testcase classname="com.OX.app.CoordinatesTest" name="createCoordinates" time="0"/>
  <testcase classname="com.OX.app.TieTest" name="testIfItIsATie" time="0"/>
  <testcase classname="com.OX.app.TieTest" name="testIfItIsNotATie" time="0"/>
  <testcase classname="com.OX.app.BoardTest" name="testOfBoardCreation" time="0"/>
  <testcase classname="com.OX.app.BoardTest" name="testOfCreationTheBoardByBoardCreator" time="0.001"/>
  <testcase classname="com.OX.app.BoardTest" name="testOfCreationTheBoardByBoardCreator" time="0"/>
  <testcase classname="com.OX.app.BoardTest" name="testOfCreationTheBoardByBoardCreator" time="0"/>
  <testcase classname="com.OX.app.BoardTest" name="testOfCreationTheBoardByBoardCreator" time="0"/>
  <testcase classname="com.OX.app.BoardTest" name="testOfCreationTheBoardByBoardCreator" time="0"/>
  <testcase classname="com.OX.app.BoardTest" name="testOfCreationTheBoardByBoardCreator" time="0"/>
  <testcase classname="com.OX.app.BoardTest" name="testOfCreationTheBoardByBoardCreator" time="0"/>
  <testcase classname="com.OX.app.BoardTest" name="testOfCreationTheBoardByBoardCreator" time="0"/>
  <testcase classname="com.OX.app.BoardTest" name="testOfCreationTheBoardByBoardCreator" time="0"/>
  <testcase classname="com.OX.app.BoardTest" name="testPrintBoard" time="0.001"/>
  <testcase classname="com.OX.app.MenuTest" name="firstMenuTest" time="0.02"/>
  <testcase classname="com.OX.app.DisplayBoardTest" name="testPrintBoard" time="0"/>
  <testcase classname="com.OX.app.MoveTest" name="testArrayOfTheBoundException" time="0"/>
  <testcase classname="com.OX.app.MoveTest" name="testArrayOfTheBoundException" time="0"/>
  <testcase classname="com.OX.app.MoveTest" name="testArrayOfTheBoundException" time="0"/>
  <testcase classname="com.OX.app.MoveTest" name="testIfICanTakeAMoveWithDifferentSigns" time="0"/>
  <testcase classname="com.OX.app.MoveTest" name="testIfMoveCantBeDoneIfFieldIsAlreadyWritten" time="0"/>
  <testcase classname="com.OX.app.MoveTest" name="testIfMoveCantBeDoneIfFieldIsAlreadyWritten" time="0"/>
  <testcase classname="com.OX.app.MoveTest" name="testIfMoveCantBeDoneIfFieldIsAlreadyWritten" time="0"/>
  <testcase classname="com.OX.app.MoveTest" name="testIfMoveCantBeDoneIfFieldIsAlreadyWritten" time="0"/>
  <testcase classname="com.OX.app.MoveTest" name="testIfMoveCantBeDoneIfFieldIsAlreadyWritten" time="0"/>
  <testcase classname="com.OX.app.MoveTest" name="testIfMoveCantBeDoneIfFieldIsAlreadyWritten" time="0"/>
  <testcase classname="com.OX.app.MoveTest" name="testIfMoveCantBeDoneIfFieldIsAlreadyWritten" time="0.001"/>
  <testcase classname="com.OX.app.MoveTest" name="testIfMoveCantBeDoneIfFieldIsAlreadyWritten" time="0"/>
  <testcase classname="com.OX.app.MoveTest" name="testIfMoveCantBeDoneIfFieldIsAlreadyWritten" time="0"/>
  <testcase classname="com.OX.app.MoveTest" name="testIfMoveIsDone" time="0"/>
  <testcase classname="com.OX.app.InputProviderTest" name="testTheNextLine" time="0"/>
</testsuite>